<?xml version="1.0" encoding="UTF-8"?>
<!-- Generated by org.testng.reporters.JUnitReportReporter -->
<testsuite hostname="Swati" name="testcase.CrossBrowserScript" tests="2" failures="0" timestamp="7 Jul 2017 15:06:39 GMT" time="7.550" errors="0">
  <testcase name="testParameterWithXML" time="2.864" classname="testcase.CrossBrowserScript"/>
  <testcase name="testParameterWithXML" time="4.686" classname="testcase.CrossBrowserScript"/>
</testsuite> <!-- testcase.CrossBrowserScript -->
