<?xml version="1.0" encoding="UTF-8"?>
<!-- Generated by org.testng.reporters.JUnitReportReporter -->
<testsuite hostname="Swati" name="testcase.NewTest" tests="6" failures="0" timestamp="12 Feb 2017 09:29:33 GMT" time="547.022" errors="1">
  <testcase name="xyz" time="0.002" classname="testcase.NewTest"/>
  <testcase name="abc" time="0.002" classname="testcase.NewTest"/>
  <testcase name="f" time="12.498" classname="testcase.NewTest"/>
  <testcase name="f" time="17.281" classname="testcase.NewTest"/>
  <testcase name="f" time="501.114" classname="testcase.NewTest">
    <error type="org.openqa.selenium.WebDriverException" message="Failed to connect to binary FirefoxBinary(C:\Program Files (x86)\Mozilla Firefox\firefox.exe) on port 7056; process output follows: 
:null,&quot;releaseNotesURI&quot;:null,&quot;softDisabled&quot;:false,&quot;foreignInstall&quot;:false,&quot;hasBinaryComponents&quot;:false,&quot;strictCompatibility&quot;:true,&quot;locales&quot;:[],&quot;targetApplications&quot;:[{&quot;id&quot;:&quot;{ec8030f7-c20a-464f-9b0e-13a3a9e97384}&quot;,&quot;minVersion&quot;:&quot;41.0.2&quot;,&quot;maxVersion&quot;:&quot;41.0.2&quot;}],&quot;targetPlatforms&quot;:[]}
1486891243191	addons.xpi	DEBUG	getModTime: Recursive scan of {972ce4c6-7e08-4474-a285-3208198ce6fd}
1486891243193	addons.xpi	DEBUG	New add-on {4ED1F68A-5463-4931-9384-8FFF5ED91D92} installed in winreg-app-global
1486891243211	DeferredSave.extensions.json	DEBUG	Starting write
1486891243224	addons.xpi	WARN	Disabling foreign installed add-on {4ED1F68A-5463-4931-9384-8FFF5ED91D92} in winreg-app-global
1486891243225	addons.xpi-utils	DEBUG	Make addon winreg-app-global:{4ED1F68A-5463-4931-9384-8FFF5ED91D92} visible
1486891243225	DeferredSave.extensions.json	DEBUG	Save changes
1486891243225	DeferredSave.extensions.json	DEBUG	Data changed while write in progress
1486891243226	DeferredSave.extensions.json	DEBUG	Save changes
1486891243226	addons.xpi	DEBUG	Updating XPIState for {&quot;id&quot;:&quot;{4ED1F68A-5463-4931-9384-8FFF5ED91D92}&quot;,&quot;syncGUID&quot;:&quot;O70mug93hEBF&quot;,&quot;location&quot;:&quot;winreg-app-global&quot;,&quot;version&quot;:&quot;5.0.486.0&quot;,&quot;type&quot;:&quot;extension&quot;,&quot;internalName&quot;:null,&quot;updateURL&quot;:null,&quot;updateKey&quot;:null,&quot;optionsURL&quot;:null,&quot;optionsType&quot;:null,&quot;aboutURL&quot;:null,&quot;iconURL&quot;:&quot;chrome://saff/content/siteadvisor.gif&quot;,&quot;icon64URL&quot;:null,&quot;defaultLocale&quot;:{&quot;name&quot;:&quot;McAfee WebAdvisor&quot;,&quot;description&quot;:null,&quot;creator&quot;:&quot;McAfee Inc.&quot;,&quot;homepageURL&quot;:&quot;http://www.siteadvisor.com/&quot;},&quot;visible&quot;:true,&quot;active&quot;:false,&quot;userDisabled&quot;:true,&quot;appDisabled&quot;:false,&quot;descriptor&quot;:&quot;C:\\Program Files (x86)\\McAfee\\SiteAdvisor\\saffplg.xpi&quot;,&quot;installDate&quot;:1486740806062,&quot;updateDate&quot;:1486740806062,&quot;applyBackgroundUpdates&quot;:1,&quot;bootstrap&quot;:false,&quot;size&quot;:299737,&quot;sourceURI&quot;:null,&quot;releaseNotesURI&quot;:null,&quot;softDisabled&quot;:false,&quot;foreignInstall&quot;:true,&quot;hasBinaryComponents&quot;:false,&quot;strictCompatibility&quot;:false,&quot;locales&quot;:[],&quot;targetApplications&quot;:[{&quot;id&quot;:&quot;{ec8030f7-c20a-464f-9b0e-13a3a9e97384}&quot;,&quot;minVersion&quot;:&quot;26.0&quot;,&quot;maxVersion&quot;:&quot;51.*&quot;}],&quot;targetPlatforms&quot;:[],&quot;multiprocessCompatible&quot;:false,&quot;signedState&quot;:2}
1486891243227	addons.xpi	DEBUG	Updating database with changes to installed add-ons
1486891243227	addons.xpi-utils	DEBUG	Updating add-on states
1486891243229	addons.xpi-utils	DEBUG	Writing add-ons list
1486891243246	addons.manager	DEBUG	Registering shutdown blocker for XPIProvider
1486891243246	addons.manager	DEBUG	Provider finished startup: XPIProvider
1486891243247	addons.manager	DEBUG	Starting provider: LightweightThemeManager
1486891243247	addons.manager	DEBUG	Registering shutdown blocker for LightweightThemeManager
1486891243247	addons.manager	DEBUG	Provider finished startup: LightweightThemeManager
1486891243247	addons.manager	DEBUG	Starting provider: GMPProvider
1486891243257	addons.manager	DEBUG	Registering shutdown blocker for GMPProvider
1486891243258	addons.manager	DEBUG	Provider finished startup: GMPProvider
1486891243258	addons.manager	DEBUG	Starting provider: PluginProvider
1486891243258	addons.manager	DEBUG	Registering shutdown blocker for PluginProvider
1486891243259	addons.manager	DEBUG	Provider finished startup: PluginProvider
1486891243259	addons.manager	DEBUG	Completed startup sequence
Crash Annotation GraphicsCriticalError: |[0][GFX1-]: Unexpected Intel/AMD dual-GPU setup[GFX1-]: Unexpected Intel/AMD dual-GPU setup
Crash Annotation GraphicsCriticalError: |[0][GFX1-]: Unexpected Intel/AMD dual-GPU setup|[1][GFX1-]: Unexpected Intel/AMD dual-GPU setup[GFX1-]: Unexpected Intel/AMD dual-GPU setup
1486891244921	addons.manager	DEBUG	Starting provider: &lt;unnamed-provider&gt;
1486891244921	addons.manager	DEBUG	Registering shutdown blocker for &lt;unnamed-provider&gt;
1486891244922	addons.manager	DEBUG	Provider finished startup: &lt;unnamed-provider&gt;
1486891725148	DeferredSave.extensions.json	DEBUG	Write succeeded
1486891725148	addons.xpi-utils	DEBUG	XPI Database saved, setting schema version preference to 17
1486891725149	DeferredSave.extensions.json	DEBUG	Starting timer
1486891725195	DeferredSave.extensions.json	DEBUG	Starting write

Build info: version: &#039;2.53.0&#039;, revision: &#039;35ae25b&#039;, time: &#039;2016-03-15 16:57:40&#039;
System info: host: &#039;Swati&#039;, ip: &#039;127.0.0.1&#039;, os.name: &#039;Windows 8.1&#039;, os.arch: &#039;amd64&#039;, os.version: &#039;6.3&#039;, java.version: &#039;1.8.0_65&#039;
Driver info: driver.version: FirefoxDriver">
      <![CDATA[org.openqa.selenium.WebDriverException: Failed to connect to binary FirefoxBinary(C:\Program Files (x86)\Mozilla Firefox\firefox.exe) on port 7056; process output follows: 
:null,"releaseNotesURI":null,"softDisabled":false,"foreignInstall":false,"hasBinaryComponents":false,"strictCompatibility":true,"locales":[],"targetApplications":[{"id":"{ec8030f7-c20a-464f-9b0e-13a3a9e97384}","minVersion":"41.0.2","maxVersion":"41.0.2"}],"targetPlatforms":[]}
1486891243191	addons.xpi	DEBUG	getModTime: Recursive scan of {972ce4c6-7e08-4474-a285-3208198ce6fd}
1486891243193	addons.xpi	DEBUG	New add-on {4ED1F68A-5463-4931-9384-8FFF5ED91D92} installed in winreg-app-global
1486891243211	DeferredSave.extensions.json	DEBUG	Starting write
1486891243224	addons.xpi	WARN	Disabling foreign installed add-on {4ED1F68A-5463-4931-9384-8FFF5ED91D92} in winreg-app-global
1486891243225	addons.xpi-utils	DEBUG	Make addon winreg-app-global:{4ED1F68A-5463-4931-9384-8FFF5ED91D92} visible
1486891243225	DeferredSave.extensions.json	DEBUG	Save changes
1486891243225	DeferredSave.extensions.json	DEBUG	Data changed while write in progress
1486891243226	DeferredSave.extensions.json	DEBUG	Save changes
1486891243226	addons.xpi	DEBUG	Updating XPIState for {"id":"{4ED1F68A-5463-4931-9384-8FFF5ED91D92}","syncGUID":"O70mug93hEBF","location":"winreg-app-global","version":"5.0.486.0","type":"extension","internalName":null,"updateURL":null,"updateKey":null,"optionsURL":null,"optionsType":null,"aboutURL":null,"iconURL":"chrome://saff/content/siteadvisor.gif","icon64URL":null,"defaultLocale":{"name":"McAfee WebAdvisor","description":null,"creator":"McAfee Inc.","homepageURL":"http://www.siteadvisor.com/"},"visible":true,"active":false,"userDisabled":true,"appDisabled":false,"descriptor":"C:\\Program Files (x86)\\McAfee\\SiteAdvisor\\saffplg.xpi","installDate":1486740806062,"updateDate":1486740806062,"applyBackgroundUpdates":1,"bootstrap":false,"size":299737,"sourceURI":null,"releaseNotesURI":null,"softDisabled":false,"foreignInstall":true,"hasBinaryComponents":false,"strictCompatibility":false,"locales":[],"targetApplications":[{"id":"{ec8030f7-c20a-464f-9b0e-13a3a9e97384}","minVersion":"26.0","maxVersion":"51.*"}],"targetPlatforms":[],"multiprocessCompatible":false,"signedState":2}
1486891243227	addons.xpi	DEBUG	Updating database with changes to installed add-ons
1486891243227	addons.xpi-utils	DEBUG	Updating add-on states
1486891243229	addons.xpi-utils	DEBUG	Writing add-ons list
1486891243246	addons.manager	DEBUG	Registering shutdown blocker for XPIProvider
1486891243246	addons.manager	DEBUG	Provider finished startup: XPIProvider
1486891243247	addons.manager	DEBUG	Starting provider: LightweightThemeManager
1486891243247	addons.manager	DEBUG	Registering shutdown blocker for LightweightThemeManager
1486891243247	addons.manager	DEBUG	Provider finished startup: LightweightThemeManager
1486891243247	addons.manager	DEBUG	Starting provider: GMPProvider
1486891243257	addons.manager	DEBUG	Registering shutdown blocker for GMPProvider
1486891243258	addons.manager	DEBUG	Provider finished startup: GMPProvider
1486891243258	addons.manager	DEBUG	Starting provider: PluginProvider
1486891243258	addons.manager	DEBUG	Registering shutdown blocker for PluginProvider
1486891243259	addons.manager	DEBUG	Provider finished startup: PluginProvider
1486891243259	addons.manager	DEBUG	Completed startup sequence
Crash Annotation GraphicsCriticalError: |[0][GFX1-]: Unexpected Intel/AMD dual-GPU setup[GFX1-]: Unexpected Intel/AMD dual-GPU setup
Crash Annotation GraphicsCriticalError: |[0][GFX1-]: Unexpected Intel/AMD dual-GPU setup|[1][GFX1-]: Unexpected Intel/AMD dual-GPU setup[GFX1-]: Unexpected Intel/AMD dual-GPU setup
1486891244921	addons.manager	DEBUG	Starting provider: <unnamed-provider>
1486891244921	addons.manager	DEBUG	Registering shutdown blocker for <unnamed-provider>
1486891244922	addons.manager	DEBUG	Provider finished startup: <unnamed-provider>
1486891725148	DeferredSave.extensions.json	DEBUG	Write succeeded
1486891725148	addons.xpi-utils	DEBUG	XPI Database saved, setting schema version preference to 17
1486891725149	DeferredSave.extensions.json	DEBUG	Starting timer
1486891725195	DeferredSave.extensions.json	DEBUG	Starting write

Build info: version: '2.53.0', revision: '35ae25b', time: '2016-03-15 16:57:40'
System info: host: 'Swati', ip: '127.0.0.1', os.name: 'Windows 8.1', os.arch: 'amd64', os.version: '6.3', java.version: '1.8.0_65'
Driver info: driver.version: FirefoxDriver
	at org.openqa.selenium.firefox.internal.NewProfileExtensionConnection.start(NewProfileExtensionConnection.java:124)
	at org.openqa.selenium.firefox.FirefoxDriver.startClient(FirefoxDriver.java:271)
	at org.openqa.selenium.remote.RemoteWebDriver.<init>(RemoteWebDriver.java:119)
	at org.openqa.selenium.firefox.FirefoxDriver.<init>(FirefoxDriver.java:218)
	at org.openqa.selenium.firefox.FirefoxDriver.<init>(FirefoxDriver.java:211)
	at org.openqa.selenium.firefox.FirefoxDriver.<init>(FirefoxDriver.java:207)
	at org.openqa.selenium.firefox.FirefoxDriver.<init>(FirefoxDriver.java:120)
	at testcase.NewTest.f(NewTest.java:25)
	at sun.reflect.NativeMethodAccessorImpl.invoke0(Native Method)
	at sun.reflect.NativeMethodAccessorImpl.invoke(Unknown Source)
	at sun.reflect.DelegatingMethodAccessorImpl.invoke(Unknown Source)
	at java.lang.reflect.Method.invoke(Unknown Source)
	at org.testng.internal.MethodInvocationHelper.invokeMethod(MethodInvocationHelper.java:85)
	at org.testng.internal.Invoker.invokeMethod(Invoker.java:639)
	at org.testng.internal.Invoker.invokeTestMethod(Invoker.java:816)
	at org.testng.internal.Invoker.invokeTestMethods(Invoker.java:1124)
	at org.testng.internal.TestMethodWorker.invokeTestMethods(TestMethodWorker.java:125)
	at org.testng.internal.TestMethodWorker.run(TestMethodWorker.java:108)
	at org.testng.TestRunner.privateRun(TestRunner.java:774)
	at org.testng.TestRunner.run(TestRunner.java:624)
	at org.testng.SuiteRunner.runTest(SuiteRunner.java:359)
	at org.testng.SuiteRunner.runSequentially(SuiteRunner.java:354)
	at org.testng.SuiteRunner.privateRun(SuiteRunner.java:312)
	at org.testng.SuiteRunner.run(SuiteRunner.java:261)
	at org.testng.SuiteRunnerWorker.runSuite(SuiteRunnerWorker.java:52)
	at org.testng.SuiteRunnerWorker.run(SuiteRunnerWorker.java:86)
	at org.testng.TestNG.runSuitesSequentially(TestNG.java:1215)
	at org.testng.TestNG.runSuitesLocally(TestNG.java:1140)
	at org.testng.TestNG.run(TestNG.java:1048)
	at org.testng.remote.RemoteTestNG.run(RemoteTestNG.java:112)
	at org.testng.remote.RemoteTestNG.initAndRun(RemoteTestNG.java:205)
	at org.testng.remote.RemoteTestNG.main(RemoteTestNG.java:176)
Caused by: org.openqa.selenium.firefox.NotConnectedException: Unable to connect to host 127.0.0.1 on port 7056 after 45000 ms. Firefox console output:
active":true,"userDisabled":false,"appDisabled":false,"descriptor":"C:\\Program Files (x86)\\Mozilla Firefox\\browser\\extensions\\{972ce4c6-7e08-4474-a285-3208198ce6fd}","installDate":1485598421771,"updateDate":1485598421771,"applyBackgroundUpdates":1,"skinnable":true,"size":22852,"sourceURI":null,"releaseNotesURI":null,"softDisabled":false,"foreignInstall":false,"hasBinaryComponents":false,"strictCompatibility":true,"locales":[],"targetApplications":[{"id":"{ec8030f7-c20a-464f-9b0e-13a3a9e97384}","minVersion":"41.0.2","maxVersion":"41.0.2"}],"targetPlatforms":[]}
1486891243191	addons.xpi	DEBUG	getModTime: Recursive scan of {972ce4c6-7e08-4474-a285-3208198ce6fd}
1486891243193	addons.xpi	DEBUG	New add-on {4ED1F68A-5463-4931-9384-8FFF5ED91D92} installed in winreg-app-global
1486891243211	DeferredSave.extensions.json	DEBUG	Starting write
1486891243224	addons.xpi	WARN	Disabling foreign installed add-on {4ED1F68A-5463-4931-9384-8FFF5ED91D92} in winreg-app-global
1486891243225	addons.xpi-utils	DEBUG	Make addon winreg-app-global:{4ED1F68A-5463-4931-9384-8FFF5ED91D92} visible
1486891243225	DeferredSave.extensions.json	DEBUG	Save changes
1486891243225	DeferredSave.extensions.json	DEBUG	Data changed while write in progress
1486891243226	DeferredSave.extensions.json	DEBUG	Save changes
1486891243226	addons.xpi	DEBUG	Updating XPIState for {"id":"{4ED1F68A-5463-4931-9384-8FFF5ED91D92}","syncGUID":"O70mug93hEBF","location":"winreg-app-global","version":"5.0.486.0","type":"extension","internalName":null,"updateURL":null,"updateKey":null,"optionsURL":null,"optionsType":null,"aboutURL":null,"iconURL":"chrome://saff/content/siteadvisor.gif","icon64URL":null,"defaultLocale":{"name":"McAfee WebAdvisor","description":null,"creator":"McAfee Inc.","homepageURL":"http://www.siteadvisor.com/"},"visible":true,"active":false,"userDisabled":true,"appDisabled":false,"descriptor":"C:\\Program Files (x86)\\McAfee\\SiteAdvisor\\saffplg.xpi","installDate":1486740806062,"updateDate":1486740806062,"applyBackgroundUpdates":1,"bootstrap":false,"size":299737,"sourceURI":null,"releaseNotesURI":null,"softDisabled":false,"foreignInstall":true,"hasBinaryComponents":false,"strictCompatibility":false,"locales":[],"targetApplications":[{"id":"{ec8030f7-c20a-464f-9b0e-13a3a9e97384}","minVersion":"26.0","maxVersion":"51.*"}],"targetPlatforms":[],"multiprocessCompatible":false,"signedState":2}
1486891243227	addons.xpi	DEBUG	Updating database with changes to installed add-ons
1486891243227	addons.xpi-utils	DEBUG	Updating add-on states
1486891243229	addons.xpi-utils	DEBUG	Writing add-ons list
1486891243246	addons.manager	DEBUG	Registering shutdown blocker for XPIProvider
1486891243246	addons.manager	DEBUG	Provider finished startup: XPIProvider
1486891243247	addons.manager	DEBUG	Starting provider: LightweightThemeManager
1486891243247	addons.manager	DEBUG	Registering shutdown blocker for LightweightThemeManager
1486891243247	addons.manager	DEBUG	Provider finished startup: LightweightThemeManager
1486891243247	addons.manager	DEBUG	Starting provider: GMPProvider
1486891243257	addons.manager	DEBUG	Registering shutdown blocker for GMPProvider
1486891243258	addons.manager	DEBUG	Provider finished startup: GMPProvider
1486891243258	addons.manager	DEBUG	Starting provider: PluginProvider
1486891243258	addons.manager	DEBUG	Registering shutdown blocker for PluginProvider
1486891243259	addons.manager	DEBUG	Provider finished startup: PluginProvider
1486891243259	addons.manager	DEBUG	Completed startup sequence
Crash Annotation GraphicsCriticalError: |[0][GFX1-]: Unexpected Intel/AMD dual-GPU setup[GFX1-]: Unexpected Intel/AMD dual-GPU setup
Crash Annotation GraphicsCriticalError: |[0][GFX1-]: Unexpected Intel/AMD dual-GPU setup|[1][GFX1-]: Unexpected Intel/AMD dual-GPU setup[GFX1-]: Unexpected Intel/AMD dual-GPU setup
1486891244921	addons.manager	DEBUG	Starting provider: <unnamed-provider>
1486891244921	addons.manager	DEBUG	Registering shutdown blocker for <unnamed-provider>
1486891244922	addons.manager	DEBUG	Provider finished startup: <unnamed-provider>

	at org.openqa.selenium.firefox.internal.NewProfileExtensionConnection.start(NewProfileExtensionConnection.java:112)
	... 31 more
]]>
    </error>
  </testcase> <!-- f -->
  <testcase name="f" time="16.125" classname="testcase.NewTest"/>
</testsuite> <!-- testcase.NewTest -->
