<?xml version="1.0" encoding="UTF-8"?>
<!-- Generated by org.testng.reporters.JUnitReportReporter -->
<testsuite hostname="Swati" name="testcase.KeyboardActions" tests="1" failures="0" timestamp="6 Jul 2017 18:26:36 GMT" time="5.700" errors="0">
  <testcase name="gettheelement" time="5.700" classname="testcase.KeyboardActions"/>
</testsuite> <!-- testcase.KeyboardActions -->
