<?xml version="1.0" encoding="UTF-8"?>
<!-- Generated by org.testng.reporters.JUnitReportReporter -->
<testsuite hostname="Swati" name="testcase.CrossBrowserScript" tests="2" failures="0" timestamp="5 Jul 2017 08:56:09 GMT" time="7.224" errors="0">
  <testcase name="testParameterWithXML" time="3.831" classname="testcase.CrossBrowserScript"/>
  <testcase name="testParameterWithXML" time="3.393" classname="testcase.CrossBrowserScript"/>
</testsuite> <!-- testcase.CrossBrowserScript -->
